{"level":"info","message":"undefined - API Server Start At Port 3000","timestamp":"2023-04-04 21:41:21"}
{"level":"error","message":"App - insertOrder Service error\n: You have an error in your SQL syntax; check the manual that corresponds to your MySQL server version for the right syntax to use near '?)' at line 2","timestamp":"2023-04-04 21:43:19"}
{"level":"info","message":"undefined - API Server Start At Port 3000","timestamp":"2023-04-04 21:43:55"}
{"level":"error","message":"App - insertOrder Service error\n: You have an error in your SQL syntax; check the manual that corresponds to your MySQL server version for the right syntax to use near '?)' at line 2","timestamp":"2023-04-04 21:44:20"}
{"level":"info","message":"undefined - API Server Start At Port 3000","timestamp":"2023-04-04 21:45:07"}
{"level":"error","message":"App - insertOrder Service error\n: You have an error in your SQL syntax; check the manual that corresponds to your MySQL server version for the right syntax to use near '?)' at line 2","timestamp":"2023-04-04 21:45:26"}
{"level":"info","message":"undefined - API Server Start At Port 3000","timestamp":"2023-04-04 21:46:00"}
{"level":"error","message":"App - insertOrder Service error\n: You have an error in your SQL syntax; check the manual that corresponds to your MySQL server version for the right syntax to use near '?)' at line 2","timestamp":"2023-04-04 21:46:32"}
{"level":"info","message":"undefined - API Server Start At Port 3000","timestamp":"2023-04-04 21:47:24"}
{"level":"error","message":"App - insertOrder Service error\n: You have an error in your SQL syntax; check the manual that corresponds to your MySQL server version for the right syntax to use near '?)' at line 2","timestamp":"2023-04-04 21:47:44"}
{"level":"info","message":"undefined - API Server Start At Port 3000","timestamp":"2023-04-04 21:49:21"}
{"level":"error","message":"App - insertOrder Service error\n: Cannot read properties of undefined (reading 'id')","timestamp":"2023-04-04 21:49:42"}
{"level":"info","message":"undefined - API Server Start At Port 3000","timestamp":"2023-04-04 21:50:24"}
{"level":"error","message":"App - insertOrder Service error\n: priceInfo.forEach is not a function","timestamp":"2023-04-04 21:50:47"}
{"level":"info","message":"undefined - API Server Start At Port 3000","timestamp":"2023-04-04 21:51:11"}
{"level":"error","message":"App - insertOrder Service error\n: priceInfo.forEach is not a function","timestamp":"2023-04-04 21:51:35"}
{"level":"info","message":"undefined - API Server Start At Port 3000","timestamp":"2023-04-04 21:53:19"}
{"level":"info","message":"undefined - API Server Start At Port 3000","timestamp":"2023-04-04 21:58:31"}
{"level":"error","message":"App - insertOrder Service error\n: price is not defined","timestamp":"2023-04-04 21:58:48"}
{"level":"info","message":"undefined - API Server Start At Port 3000","timestamp":"2023-04-04 21:59:23"}
{"level":"error","message":"App - insertOrder Service error\n: price is not defined","timestamp":"2023-04-04 21:59:43"}
{"level":"info","message":"undefined - API Server Start At Port 3000","timestamp":"2023-04-04 22:00:19"}
{"level":"error","message":"App - insertOrder Service error\n: Cannot add or update a child row: a foreign key constraint fails (`opshop`.`orderitem`, CONSTRAINT `FK_OrderItem_product_id_Product_id` FOREIGN KEY (`product_id`) REFERENCES `product` (`id`) ON DELETE RESTRICT ON UPDATE RESTRICT)","timestamp":"2023-04-04 22:00:37"}
