{"level":"info","message":"undefined - API Server Start At Port 3000","timestamp":"2023-04-03 15:28:28"}
{"level":"info","message":"undefined - API Server Start At Port 3000","timestamp":"2023-04-03 15:29:19"}
{"level":"info","message":"undefined - API Server Start At Port 3000","timestamp":"2023-04-03 16:07:42"}
{"level":"info","message":"undefined - API Server Start At Port 3000","timestamp":"2023-04-03 16:08:34"}
{"level":"info","message":"undefined - API Server Start At Port 3000","timestamp":"2023-04-03 16:10:10"}
{"level":"info","message":"undefined - API Server Start At Port 3000","timestamp":"2023-04-03 16:11:40"}
{"level":"error","message":"App - insertStoreReview Service error\n: Column 'is_satisfy' cannot be null","timestamp":"2023-04-03 16:11:41"}
{"level":"info","message":"undefined - API Server Start At Port 3000","timestamp":"2023-04-03 16:13:28"}
{"level":"error","message":"App - insertStoreReview Service error\n: Cannot access 'score' before initialization","timestamp":"2023-04-03 16:13:30"}
{"level":"info","message":"undefined - API Server Start At Port 3000","timestamp":"2023-04-03 16:13:45"}
{"level":"info","message":"undefined - API Server Start At Port 3000","timestamp":"2023-04-03 16:14:17"}
{"level":"info","message":"undefined - API Server Start At Port 3000","timestamp":"2023-04-03 16:15:22"}
{"level":"error","message":"App - insertStoreReview Service error\n: Unknown column 'NaN' in 'field list'","timestamp":"2023-04-03 16:15:24"}
{"level":"info","message":"undefined - API Server Start At Port 3000","timestamp":"2023-04-03 16:15:54"}
{"level":"error","message":"App - insertStoreReview Service error\n: Unknown column 'NaN' in 'field list'","timestamp":"2023-04-03 16:15:56"}
{"level":"info","message":"undefined - API Server Start At Port 3000","timestamp":"2023-04-03 16:18:03"}
{"level":"error","message":"App - insertStoreReview Service error\n: Unknown column 'NaN' in 'field list'","timestamp":"2023-04-03 16:18:04"}
{"level":"info","message":"undefined - API Server Start At Port 3000","timestamp":"2023-04-03 16:18:38"}
{"level":"error","message":"App - insertStoreReview Service error\n: Unknown column 'NaN' in 'field list'","timestamp":"2023-04-03 16:18:39"}
{"level":"info","message":"undefined - API Server Start At Port 3000","timestamp":"2023-04-03 16:18:52"}
{"level":"error","message":"App - insertStoreReview Service error\n: Unknown column 'NaN' in 'field list'","timestamp":"2023-04-03 16:18:54"}
{"level":"info","message":"undefined - API Server Start At Port 3000","timestamp":"2023-04-03 16:19:50"}
{"level":"error","message":"App - insertStoreReview Service error\n: Unknown column 'NaN' in 'field list'","timestamp":"2023-04-03 16:19:51"}
{"level":"info","message":"undefined - API Server Start At Port 3000","timestamp":"2023-04-03 16:22:14"}
{"level":"error","message":"App - insertStoreReview Service error\n: Unknown column 'NaN' in 'field list'","timestamp":"2023-04-03 16:22:16"}
{"level":"info","message":"undefined - API Server Start At Port 3000","timestamp":"2023-04-03 16:23:16"}
{"level":"error","message":"App - insertStoreReview Service error\n: Unknown column 'NaN' in 'field list'","timestamp":"2023-04-03 16:23:17"}
{"level":"error","message":"App - insertStoreReview Service error\n: Unknown column 'NaN' in 'field list'","timestamp":"2023-04-03 16:23:43"}
{"level":"info","message":"undefined - API Server Start At Port 3000","timestamp":"2023-04-03 16:23:48"}
{"level":"info","message":"undefined - API Server Start At Port 3000","timestamp":"2023-04-03 16:25:34"}
{"level":"info","message":"undefined - API Server Start At Port 3000","timestamp":"2023-04-03 16:26:20"}
{"level":"info","message":"undefined - API Server Start At Port 3000","timestamp":"2023-04-03 22:16:13"}
{"level":"info","message":"undefined - API Server Start At Port 3000","timestamp":"2023-04-03 22:17:42"}
{"level":"info","message":"undefined - API Server Start At Port 3000","timestamp":"2023-04-03 22:18:04"}
{"level":"info","message":"undefined - API Server Start At Port 3000","timestamp":"2023-04-03 22:24:35"}
{"level":"info","message":"undefined - API Server Start At Port 3000","timestamp":"2023-04-03 22:26:23"}
{"level":"info","message":"undefined - API Server Start At Port 3000","timestamp":"2023-04-03 22:27:06"}
{"level":"info","message":"undefined - API Server Start At Port 3000","timestamp":"2023-04-03 22:28:02"}
{"level":"info","message":"undefined - API Server Start At Port 3000","timestamp":"2023-04-03 22:28:35"}
{"level":"info","message":"undefined - API Server Start At Port 3000","timestamp":"2023-04-03 22:28:55"}
{"level":"info","message":"undefined - API Server Start At Port 3000","timestamp":"2023-04-03 22:29:12"}
{"level":"info","message":"undefined - API Server Start At Port 3000","timestamp":"2023-04-03 22:29:42"}
{"level":"info","message":"undefined - API Server Start At Port 3000","timestamp":"2023-04-03 22:31:28"}
{"level":"info","message":"undefined - API Server Start At Port 3000","timestamp":"2023-04-03 22:32:12"}
{"level":"info","message":"undefined - API Server Start At Port 3000","timestamp":"2023-04-03 22:33:21"}
{"level":"info","message":"undefined - API Server Start At Port 3000","timestamp":"2023-04-03 22:33:32"}
{"level":"info","message":"undefined - API Server Start At Port 3000","timestamp":"2023-04-03 22:34:10"}
{"level":"info","message":"undefined - API Server Start At Port 3000","timestamp":"2023-04-03 22:36:55"}
{"level":"error","message":"App - insertOrder Service error\n: item_price.split is not a function","timestamp":"2023-04-03 22:38:49"}
